 
****************************************
check_design summary:
Version:     I-2013.12
Date:        Tue Apr 17 16:44:26 2018
****************************************

                   Name                                            Total
--------------------------------------------------------------------------------
Inputs/Outputs                                                     67
    Feedthrough (LINT-29)                                          35
    Shorted outputs (LINT-31)                                      32

Cells                                                               8
    Cells do not drive (LINT-1)                                     3
    Connected to power or ground (LINT-32)                          4
    Nets connected to multiple pins on same cell (LINT-33)          1

Nets                                                              166
    Unloaded nets (LINT-2)                                        166
--------------------------------------------------------------------------------

Warning: In design 'alu', cell 'C241' does not drive any nets. (LINT-1)
Warning: In design 'alu', cell 'C242' does not drive any nets. (LINT-1)
Warning: In design 'alu', cell 'C243' does not drive any nets. (LINT-1)
Warning: In design 'pipeline_riscv', net 'inst_IF[0]' driven by pin 'CTRL/debug_inst[0]' has no loads. (LINT-2)
Warning: In design 'pipeline_riscv', net 'inst_IF[1]' driven by pin 'CTRL/debug_inst[1]' has no loads. (LINT-2)
Warning: In design 'pipeline_riscv', net 'inst_IF[2]' driven by pin 'CTRL/debug_inst[2]' has no loads. (LINT-2)
Warning: In design 'pipeline_riscv', net 'inst_IF[3]' driven by pin 'CTRL/debug_inst[3]' has no loads. (LINT-2)
Warning: In design 'pipeline_riscv', net 'inst_IF[4]' driven by pin 'CTRL/debug_inst[4]' has no loads. (LINT-2)
Warning: In design 'pipeline_riscv', net 'inst_IF[5]' driven by pin 'CTRL/debug_inst[5]' has no loads. (LINT-2)
Warning: In design 'pipeline_riscv', net 'inst_IF[6]' driven by pin 'CTRL/debug_inst[6]' has no loads. (LINT-2)
Warning: In design 'pipeline_riscv', net 'inst_IF[7]' driven by pin 'CTRL/debug_inst[7]' has no loads. (LINT-2)
Warning: In design 'pipeline_riscv', net 'inst_IF[8]' driven by pin 'CTRL/debug_inst[8]' has no loads. (LINT-2)
Warning: In design 'pipeline_riscv', net 'inst_IF[9]' driven by pin 'CTRL/debug_inst[9]' has no loads. (LINT-2)
Warning: In design 'pipeline_riscv', net 'inst_IF[10]' driven by pin 'CTRL/debug_inst[10]' has no loads. (LINT-2)
Warning: In design 'pipeline_riscv', net 'inst_IF[11]' driven by pin 'CTRL/debug_inst[11]' has no loads. (LINT-2)
Warning: In design 'pipeline_riscv', net 'inst_IF[12]' driven by pin 'CTRL/debug_inst[12]' has no loads. (LINT-2)
Warning: In design 'pipeline_riscv', net 'inst_IF[13]' driven by pin 'CTRL/debug_inst[13]' has no loads. (LINT-2)
Warning: In design 'pipeline_riscv', net 'inst_IF[14]' driven by pin 'CTRL/debug_inst[14]' has no loads. (LINT-2)
Warning: In design 'pipeline_riscv', net 'inst_IF[15]' driven by pin 'CTRL/debug_inst[15]' has no loads. (LINT-2)
Warning: In design 'pipeline_riscv', net 'inst_IF[16]' driven by pin 'CTRL/debug_inst[16]' has no loads. (LINT-2)
Warning: In design 'pipeline_riscv', net 'inst_IF[17]' driven by pin 'CTRL/debug_inst[17]' has no loads. (LINT-2)
Warning: In design 'pipeline_riscv', net 'inst_IF[18]' driven by pin 'CTRL/debug_inst[18]' has no loads. (LINT-2)
Warning: In design 'pipeline_riscv', net 'inst_IF[19]' driven by pin 'CTRL/debug_inst[19]' has no loads. (LINT-2)
Warning: In design 'pipeline_riscv', net 'inst_IF[20]' driven by pin 'CTRL/debug_inst[20]' has no loads. (LINT-2)
Warning: In design 'pipeline_riscv', net 'inst_IF[21]' driven by pin 'CTRL/debug_inst[21]' has no loads. (LINT-2)
Warning: In design 'pipeline_riscv', net 'inst_IF[22]' driven by pin 'CTRL/debug_inst[22]' has no loads. (LINT-2)
Warning: In design 'pipeline_riscv', net 'inst_IF[23]' driven by pin 'CTRL/debug_inst[23]' has no loads. (LINT-2)
Warning: In design 'pipeline_riscv', net 'inst_IF[24]' driven by pin 'CTRL/debug_inst[24]' has no loads. (LINT-2)
Warning: In design 'pipeline_riscv', net 'inst_IF[25]' driven by pin 'CTRL/debug_inst[25]' has no loads. (LINT-2)
Warning: In design 'pipeline_riscv', net 'inst_IF[26]' driven by pin 'CTRL/debug_inst[26]' has no loads. (LINT-2)
Warning: In design 'pipeline_riscv', net 'inst_IF[27]' driven by pin 'CTRL/debug_inst[27]' has no loads. (LINT-2)
Warning: In design 'pipeline_riscv', net 'inst_IF[28]' driven by pin 'CTRL/debug_inst[28]' has no loads. (LINT-2)
Warning: In design 'pipeline_riscv', net 'inst_IF[29]' driven by pin 'CTRL/debug_inst[29]' has no loads. (LINT-2)
Warning: In design 'pipeline_riscv', net 'inst_IF[30]' driven by pin 'CTRL/debug_inst[30]' has no loads. (LINT-2)
Warning: In design 'pipeline_riscv', net 'inst_IF[31]' driven by pin 'CTRL/debug_inst[31]' has no loads. (LINT-2)
Warning: In design 'pipeline_riscv', net 'inst_EXE[0]' driven by pin 'CTRL/debug_inst[64]' has no loads. (LINT-2)
Warning: In design 'pipeline_riscv', net 'inst_EXE[1]' driven by pin 'CTRL/debug_inst[65]' has no loads. (LINT-2)
Warning: In design 'pipeline_riscv', net 'inst_EXE[2]' driven by pin 'CTRL/debug_inst[66]' has no loads. (LINT-2)
Warning: In design 'pipeline_riscv', net 'inst_EXE[3]' driven by pin 'CTRL/debug_inst[67]' has no loads. (LINT-2)
Warning: In design 'pipeline_riscv', net 'inst_EXE[4]' driven by pin 'CTRL/debug_inst[68]' has no loads. (LINT-2)
Warning: In design 'pipeline_riscv', net 'inst_EXE[5]' driven by pin 'CTRL/debug_inst[69]' has no loads. (LINT-2)
Warning: In design 'pipeline_riscv', net 'inst_EXE[6]' driven by pin 'CTRL/debug_inst[70]' has no loads. (LINT-2)
Warning: In design 'pipeline_riscv', net 'inst_EXE[7]' driven by pin 'CTRL/debug_inst[71]' has no loads. (LINT-2)
Warning: In design 'pipeline_riscv', net 'inst_EXE[8]' driven by pin 'CTRL/debug_inst[72]' has no loads. (LINT-2)
Warning: In design 'pipeline_riscv', net 'inst_EXE[9]' driven by pin 'CTRL/debug_inst[73]' has no loads. (LINT-2)
Warning: In design 'pipeline_riscv', net 'inst_EXE[10]' driven by pin 'CTRL/debug_inst[74]' has no loads. (LINT-2)
Warning: In design 'pipeline_riscv', net 'inst_EXE[11]' driven by pin 'CTRL/debug_inst[75]' has no loads. (LINT-2)
Warning: In design 'pipeline_riscv', net 'inst_EXE[12]' driven by pin 'CTRL/debug_inst[76]' has no loads. (LINT-2)
Warning: In design 'pipeline_riscv', net 'inst_EXE[13]' driven by pin 'CTRL/debug_inst[77]' has no loads. (LINT-2)
Warning: In design 'pipeline_riscv', net 'inst_EXE[14]' driven by pin 'CTRL/debug_inst[78]' has no loads. (LINT-2)
Warning: In design 'pipeline_riscv', net 'inst_EXE[15]' driven by pin 'CTRL/debug_inst[79]' has no loads. (LINT-2)
Warning: In design 'pipeline_riscv', net 'inst_EXE[16]' driven by pin 'CTRL/debug_inst[80]' has no loads. (LINT-2)
Warning: In design 'pipeline_riscv', net 'inst_EXE[17]' driven by pin 'CTRL/debug_inst[81]' has no loads. (LINT-2)
Warning: In design 'pipeline_riscv', net 'inst_EXE[18]' driven by pin 'CTRL/debug_inst[82]' has no loads. (LINT-2)
Warning: In design 'pipeline_riscv', net 'inst_EXE[19]' driven by pin 'CTRL/debug_inst[83]' has no loads. (LINT-2)
Warning: In design 'pipeline_riscv', net 'inst_EXE[20]' driven by pin 'CTRL/debug_inst[84]' has no loads. (LINT-2)
Warning: In design 'pipeline_riscv', net 'inst_EXE[21]' driven by pin 'CTRL/debug_inst[85]' has no loads. (LINT-2)
Warning: In design 'pipeline_riscv', net 'inst_EXE[22]' driven by pin 'CTRL/debug_inst[86]' has no loads. (LINT-2)
Warning: In design 'pipeline_riscv', net 'inst_EXE[23]' driven by pin 'CTRL/debug_inst[87]' has no loads. (LINT-2)
Warning: In design 'pipeline_riscv', net 'inst_EXE[24]' driven by pin 'CTRL/debug_inst[88]' has no loads. (LINT-2)
Warning: In design 'pipeline_riscv', net 'inst_EXE[25]' driven by pin 'CTRL/debug_inst[89]' has no loads. (LINT-2)
Warning: In design 'pipeline_riscv', net 'inst_EXE[26]' driven by pin 'CTRL/debug_inst[90]' has no loads. (LINT-2)
Warning: In design 'pipeline_riscv', net 'inst_EXE[27]' driven by pin 'CTRL/debug_inst[91]' has no loads. (LINT-2)
Warning: In design 'pipeline_riscv', net 'inst_EXE[28]' driven by pin 'CTRL/debug_inst[92]' has no loads. (LINT-2)
Warning: In design 'pipeline_riscv', net 'inst_EXE[29]' driven by pin 'CTRL/debug_inst[93]' has no loads. (LINT-2)
Warning: In design 'pipeline_riscv', net 'inst_EXE[30]' driven by pin 'CTRL/debug_inst[94]' has no loads. (LINT-2)
Warning: In design 'pipeline_riscv', net 'inst_EXE[31]' driven by pin 'CTRL/debug_inst[95]' has no loads. (LINT-2)
Warning: In design 'pipeline_riscv', net 'inst_MEM[0]' driven by pin 'CTRL/debug_inst[96]' has no loads. (LINT-2)
Warning: In design 'pipeline_riscv', net 'inst_MEM[1]' driven by pin 'CTRL/debug_inst[97]' has no loads. (LINT-2)
Warning: In design 'pipeline_riscv', net 'inst_MEM[2]' driven by pin 'CTRL/debug_inst[98]' has no loads. (LINT-2)
Warning: In design 'pipeline_riscv', net 'inst_MEM[3]' driven by pin 'CTRL/debug_inst[99]' has no loads. (LINT-2)
Warning: In design 'pipeline_riscv', net 'inst_MEM[4]' driven by pin 'CTRL/debug_inst[100]' has no loads. (LINT-2)
Warning: In design 'pipeline_riscv', net 'inst_MEM[5]' driven by pin 'CTRL/debug_inst[101]' has no loads. (LINT-2)
Warning: In design 'pipeline_riscv', net 'inst_MEM[6]' driven by pin 'CTRL/debug_inst[102]' has no loads. (LINT-2)
Warning: In design 'pipeline_riscv', net 'inst_MEM[7]' driven by pin 'CTRL/debug_inst[103]' has no loads. (LINT-2)
Warning: In design 'pipeline_riscv', net 'inst_MEM[8]' driven by pin 'CTRL/debug_inst[104]' has no loads. (LINT-2)
Warning: In design 'pipeline_riscv', net 'inst_MEM[9]' driven by pin 'CTRL/debug_inst[105]' has no loads. (LINT-2)
Warning: In design 'pipeline_riscv', net 'inst_MEM[10]' driven by pin 'CTRL/debug_inst[106]' has no loads. (LINT-2)
Warning: In design 'pipeline_riscv', net 'inst_MEM[11]' driven by pin 'CTRL/debug_inst[107]' has no loads. (LINT-2)
Warning: In design 'pipeline_riscv', net 'inst_MEM[12]' driven by pin 'CTRL/debug_inst[108]' has no loads. (LINT-2)
Warning: In design 'pipeline_riscv', net 'inst_MEM[13]' driven by pin 'CTRL/debug_inst[109]' has no loads. (LINT-2)
Warning: In design 'pipeline_riscv', net 'inst_MEM[14]' driven by pin 'CTRL/debug_inst[110]' has no loads. (LINT-2)
Warning: In design 'pipeline_riscv', net 'inst_MEM[15]' driven by pin 'CTRL/debug_inst[111]' has no loads. (LINT-2)
Warning: In design 'pipeline_riscv', net 'inst_MEM[16]' driven by pin 'CTRL/debug_inst[112]' has no loads. (LINT-2)
Warning: In design 'pipeline_riscv', net 'inst_MEM[17]' driven by pin 'CTRL/debug_inst[113]' has no loads. (LINT-2)
Warning: In design 'pipeline_riscv', net 'inst_MEM[18]' driven by pin 'CTRL/debug_inst[114]' has no loads. (LINT-2)
Warning: In design 'pipeline_riscv', net 'inst_MEM[19]' driven by pin 'CTRL/debug_inst[115]' has no loads. (LINT-2)
Warning: In design 'pipeline_riscv', net 'inst_MEM[20]' driven by pin 'CTRL/debug_inst[116]' has no loads. (LINT-2)
Warning: In design 'pipeline_riscv', net 'inst_MEM[21]' driven by pin 'CTRL/debug_inst[117]' has no loads. (LINT-2)
Warning: In design 'pipeline_riscv', net 'inst_MEM[22]' driven by pin 'CTRL/debug_inst[118]' has no loads. (LINT-2)
Warning: In design 'pipeline_riscv', net 'inst_MEM[23]' driven by pin 'CTRL/debug_inst[119]' has no loads. (LINT-2)
Warning: In design 'pipeline_riscv', net 'inst_MEM[24]' driven by pin 'CTRL/debug_inst[120]' has no loads. (LINT-2)
Warning: In design 'pipeline_riscv', net 'inst_MEM[25]' driven by pin 'CTRL/debug_inst[121]' has no loads. (LINT-2)
Warning: In design 'pipeline_riscv', net 'inst_MEM[26]' driven by pin 'CTRL/debug_inst[122]' has no loads. (LINT-2)
Warning: In design 'pipeline_riscv', net 'inst_MEM[27]' driven by pin 'CTRL/debug_inst[123]' has no loads. (LINT-2)
Warning: In design 'pipeline_riscv', net 'inst_MEM[28]' driven by pin 'CTRL/debug_inst[124]' has no loads. (LINT-2)
Warning: In design 'pipeline_riscv', net 'inst_MEM[29]' driven by pin 'CTRL/debug_inst[125]' has no loads. (LINT-2)
Warning: In design 'pipeline_riscv', net 'inst_MEM[30]' driven by pin 'CTRL/debug_inst[126]' has no loads. (LINT-2)
Warning: In design 'pipeline_riscv', net 'inst_MEM[31]' driven by pin 'CTRL/debug_inst[127]' has no loads. (LINT-2)
Warning: In design 'pipeline_riscv', net 'inst_WB[0]' driven by pin 'CTRL/debug_inst[128]' has no loads. (LINT-2)
Warning: In design 'pipeline_riscv', net 'inst_WB[1]' driven by pin 'CTRL/debug_inst[129]' has no loads. (LINT-2)
Warning: In design 'pipeline_riscv', net 'inst_WB[2]' driven by pin 'CTRL/debug_inst[130]' has no loads. (LINT-2)
Warning: In design 'pipeline_riscv', net 'inst_WB[3]' driven by pin 'CTRL/debug_inst[131]' has no loads. (LINT-2)
Warning: In design 'pipeline_riscv', net 'inst_WB[4]' driven by pin 'CTRL/debug_inst[132]' has no loads. (LINT-2)
Warning: In design 'pipeline_riscv', net 'inst_WB[5]' driven by pin 'CTRL/debug_inst[133]' has no loads. (LINT-2)
Warning: In design 'pipeline_riscv', net 'inst_WB[6]' driven by pin 'CTRL/debug_inst[134]' has no loads. (LINT-2)
Warning: In design 'pipeline_riscv', net 'inst_WB[7]' driven by pin 'CTRL/debug_inst[135]' has no loads. (LINT-2)
Warning: In design 'pipeline_riscv', net 'inst_WB[8]' driven by pin 'CTRL/debug_inst[136]' has no loads. (LINT-2)
Warning: In design 'pipeline_riscv', net 'inst_WB[9]' driven by pin 'CTRL/debug_inst[137]' has no loads. (LINT-2)
Warning: In design 'pipeline_riscv', net 'inst_WB[10]' driven by pin 'CTRL/debug_inst[138]' has no loads. (LINT-2)
Warning: In design 'pipeline_riscv', net 'inst_WB[11]' driven by pin 'CTRL/debug_inst[139]' has no loads. (LINT-2)
Warning: In design 'pipeline_riscv', net 'inst_WB[12]' driven by pin 'CTRL/debug_inst[140]' has no loads. (LINT-2)
Warning: In design 'pipeline_riscv', net 'inst_WB[13]' driven by pin 'CTRL/debug_inst[141]' has no loads. (LINT-2)
Warning: In design 'pipeline_riscv', net 'inst_WB[14]' driven by pin 'CTRL/debug_inst[142]' has no loads. (LINT-2)
Warning: In design 'pipeline_riscv', net 'inst_WB[15]' driven by pin 'CTRL/debug_inst[143]' has no loads. (LINT-2)
Warning: In design 'pipeline_riscv', net 'inst_WB[16]' driven by pin 'CTRL/debug_inst[144]' has no loads. (LINT-2)
Warning: In design 'pipeline_riscv', net 'inst_WB[17]' driven by pin 'CTRL/debug_inst[145]' has no loads. (LINT-2)
Warning: In design 'pipeline_riscv', net 'inst_WB[18]' driven by pin 'CTRL/debug_inst[146]' has no loads. (LINT-2)
Warning: In design 'pipeline_riscv', net 'inst_WB[19]' driven by pin 'CTRL/debug_inst[147]' has no loads. (LINT-2)
Warning: In design 'pipeline_riscv', net 'inst_WB[20]' driven by pin 'CTRL/debug_inst[148]' has no loads. (LINT-2)
Warning: In design 'pipeline_riscv', net 'inst_WB[21]' driven by pin 'CTRL/debug_inst[149]' has no loads. (LINT-2)
Warning: In design 'pipeline_riscv', net 'inst_WB[22]' driven by pin 'CTRL/debug_inst[150]' has no loads. (LINT-2)
Warning: In design 'pipeline_riscv', net 'inst_WB[23]' driven by pin 'CTRL/debug_inst[151]' has no loads. (LINT-2)
Warning: In design 'pipeline_riscv', net 'inst_WB[24]' driven by pin 'CTRL/debug_inst[152]' has no loads. (LINT-2)
Warning: In design 'pipeline_riscv', net 'inst_WB[25]' driven by pin 'CTRL/debug_inst[153]' has no loads. (LINT-2)
Warning: In design 'pipeline_riscv', net 'inst_WB[26]' driven by pin 'CTRL/debug_inst[154]' has no loads. (LINT-2)
Warning: In design 'pipeline_riscv', net 'inst_WB[27]' driven by pin 'CTRL/debug_inst[155]' has no loads. (LINT-2)
Warning: In design 'pipeline_riscv', net 'inst_WB[28]' driven by pin 'CTRL/debug_inst[156]' has no loads. (LINT-2)
Warning: In design 'pipeline_riscv', net 'inst_WB[29]' driven by pin 'CTRL/debug_inst[157]' has no loads. (LINT-2)
Warning: In design 'pipeline_riscv', net 'inst_WB[30]' driven by pin 'CTRL/debug_inst[158]' has no loads. (LINT-2)
Warning: In design 'pipeline_riscv', net 'inst_WB[31]' driven by pin 'CTRL/debug_inst[159]' has no loads. (LINT-2)
Warning: In design 'pipeline_riscv', net 'pc_p4_WB[0]' driven by pin 'MEM_WB/next_pc[0]' has no loads. (LINT-2)
Warning: In design 'pipeline_riscv', net 'pc_p4_WB[1]' driven by pin 'MEM_WB/next_pc[1]' has no loads. (LINT-2)
Warning: In design 'pipeline_riscv', net 'pc_p4_WB[2]' driven by pin 'MEM_WB/next_pc[2]' has no loads. (LINT-2)
Warning: In design 'pipeline_riscv', net 'pc_p4_WB[3]' driven by pin 'MEM_WB/next_pc[3]' has no loads. (LINT-2)
Warning: In design 'pipeline_riscv', net 'pc_p4_WB[4]' driven by pin 'MEM_WB/next_pc[4]' has no loads. (LINT-2)
Warning: In design 'pipeline_riscv', net 'pc_p4_WB[5]' driven by pin 'MEM_WB/next_pc[5]' has no loads. (LINT-2)
Warning: In design 'pipeline_riscv', net 'pc_p4_WB[6]' driven by pin 'MEM_WB/next_pc[6]' has no loads. (LINT-2)
Warning: In design 'pipeline_riscv', net 'pc_p4_WB[7]' driven by pin 'MEM_WB/next_pc[7]' has no loads. (LINT-2)
Warning: In design 'pipeline_riscv', net 'pc_p4_WB[8]' driven by pin 'MEM_WB/next_pc[8]' has no loads. (LINT-2)
Warning: In design 'pipeline_riscv', net 'pc_p4_WB[9]' driven by pin 'MEM_WB/next_pc[9]' has no loads. (LINT-2)
Warning: In design 'pipeline_riscv', net 'pc_p4_WB[10]' driven by pin 'MEM_WB/next_pc[10]' has no loads. (LINT-2)
Warning: In design 'pipeline_riscv', net 'pc_p4_WB[11]' driven by pin 'MEM_WB/next_pc[11]' has no loads. (LINT-2)
Warning: In design 'pipeline_riscv', net 'pc_p4_WB[12]' driven by pin 'MEM_WB/next_pc[12]' has no loads. (LINT-2)
Warning: In design 'pipeline_riscv', net 'pc_p4_WB[13]' driven by pin 'MEM_WB/next_pc[13]' has no loads. (LINT-2)
Warning: In design 'pipeline_riscv', net 'pc_p4_WB[14]' driven by pin 'MEM_WB/next_pc[14]' has no loads. (LINT-2)
Warning: In design 'pipeline_riscv', net 'pc_p4_WB[15]' driven by pin 'MEM_WB/next_pc[15]' has no loads. (LINT-2)
Warning: In design 'pipeline_riscv', net 'pc_p4_WB[16]' driven by pin 'MEM_WB/next_pc[16]' has no loads. (LINT-2)
Warning: In design 'pipeline_riscv', net 'pc_p4_WB[17]' driven by pin 'MEM_WB/next_pc[17]' has no loads. (LINT-2)
Warning: In design 'pipeline_riscv', net 'pc_p4_WB[18]' driven by pin 'MEM_WB/next_pc[18]' has no loads. (LINT-2)
Warning: In design 'pipeline_riscv', net 'pc_p4_WB[19]' driven by pin 'MEM_WB/next_pc[19]' has no loads. (LINT-2)
Warning: In design 'pipeline_riscv', net 'pc_p4_WB[20]' driven by pin 'MEM_WB/next_pc[20]' has no loads. (LINT-2)
Warning: In design 'pipeline_riscv', net 'pc_p4_WB[21]' driven by pin 'MEM_WB/next_pc[21]' has no loads. (LINT-2)
Warning: In design 'pipeline_riscv', net 'pc_p4_WB[22]' driven by pin 'MEM_WB/next_pc[22]' has no loads. (LINT-2)
Warning: In design 'pipeline_riscv', net 'pc_p4_WB[23]' driven by pin 'MEM_WB/next_pc[23]' has no loads. (LINT-2)
Warning: In design 'pipeline_riscv', net 'pc_p4_WB[24]' driven by pin 'MEM_WB/next_pc[24]' has no loads. (LINT-2)
Warning: In design 'pipeline_riscv', net 'pc_p4_WB[25]' driven by pin 'MEM_WB/next_pc[25]' has no loads. (LINT-2)
Warning: In design 'pipeline_riscv', net 'pc_p4_WB[26]' driven by pin 'MEM_WB/next_pc[26]' has no loads. (LINT-2)
Warning: In design 'pipeline_riscv', net 'pc_p4_WB[27]' driven by pin 'MEM_WB/next_pc[27]' has no loads. (LINT-2)
Warning: In design 'pipeline_riscv', net 'pc_p4_WB[28]' driven by pin 'MEM_WB/next_pc[28]' has no loads. (LINT-2)
Warning: In design 'pipeline_riscv', net 'pc_p4_WB[29]' driven by pin 'MEM_WB/next_pc[29]' has no loads. (LINT-2)
Warning: In design 'pipeline_riscv', net 'pc_p4_WB[30]' driven by pin 'MEM_WB/next_pc[30]' has no loads. (LINT-2)
Warning: In design 'pipeline_riscv', net 'pc_p4_WB[31]' driven by pin 'MEM_WB/next_pc[31]' has no loads. (LINT-2)
Warning: In design 'pipeline_riscv', net 'op[0]' driven by pin 'CTRL/debug_inst[32]' has no loads. (LINT-2)
Warning: In design 'pipeline_riscv', net 'op[1]' driven by pin 'CTRL/debug_inst[33]' has no loads. (LINT-2)
Warning: In design 'pipeline_riscv', net 'op[2]' driven by pin 'CTRL/debug_inst[34]' has no loads. (LINT-2)
Warning: In design 'pipeline_riscv', net 'op[3]' driven by pin 'CTRL/debug_inst[35]' has no loads. (LINT-2)
Warning: In design 'pipeline_riscv', net 'op[4]' driven by pin 'CTRL/debug_inst[36]' has no loads. (LINT-2)
Warning: In design 'pipeline_riscv', net 'op[5]' driven by pin 'CTRL/debug_inst[37]' has no loads. (LINT-2)
Warning: In design 'control', input port 'inst[31]' is connected directly to output port 'debug_inst[31]'. (LINT-29)
Warning: In design 'control', input port 'inst[30]' is connected directly to output port 'debug_inst[30]'. (LINT-29)
Warning: In design 'control', input port 'inst[29]' is connected directly to output port 'debug_inst[29]'. (LINT-29)
Warning: In design 'control', input port 'inst[28]' is connected directly to output port 'debug_inst[28]'. (LINT-29)
Warning: In design 'control', input port 'inst[27]' is connected directly to output port 'debug_inst[27]'. (LINT-29)
Warning: In design 'control', input port 'inst[26]' is connected directly to output port 'debug_inst[26]'. (LINT-29)
Warning: In design 'control', input port 'inst[25]' is connected directly to output port 'debug_inst[25]'. (LINT-29)
Warning: In design 'control', input port 'inst[24]' is connected directly to output port 'debug_inst[24]'. (LINT-29)
Warning: In design 'control', input port 'inst[23]' is connected directly to output port 'debug_inst[23]'. (LINT-29)
Warning: In design 'control', input port 'inst[22]' is connected directly to output port 'debug_inst[22]'. (LINT-29)
Warning: In design 'control', input port 'inst[21]' is connected directly to output port 'debug_inst[21]'. (LINT-29)
Warning: In design 'control', input port 'inst[20]' is connected directly to output port 'debug_inst[20]'. (LINT-29)
Warning: In design 'control', input port 'inst[19]' is connected directly to output port 'debug_inst[19]'. (LINT-29)
Warning: In design 'control', input port 'inst[18]' is connected directly to output port 'debug_inst[18]'. (LINT-29)
Warning: In design 'control', input port 'inst[17]' is connected directly to output port 'debug_inst[17]'. (LINT-29)
Warning: In design 'control', input port 'inst[16]' is connected directly to output port 'debug_inst[16]'. (LINT-29)
Warning: In design 'control', input port 'inst[15]' is connected directly to output port 'debug_inst[15]'. (LINT-29)
Warning: In design 'control', input port 'inst[14]' is connected directly to output port 'debug_inst[14]'. (LINT-29)
Warning: In design 'control', input port 'inst[13]' is connected directly to output port 'debug_inst[13]'. (LINT-29)
Warning: In design 'control', input port 'inst[12]' is connected directly to output port 'debug_inst[12]'. (LINT-29)
Warning: In design 'control', input port 'inst[11]' is connected directly to output port 'debug_inst[11]'. (LINT-29)
Warning: In design 'control', input port 'inst[10]' is connected directly to output port 'debug_inst[10]'. (LINT-29)
Warning: In design 'control', input port 'inst[9]' is connected directly to output port 'debug_inst[9]'. (LINT-29)
Warning: In design 'control', input port 'inst[8]' is connected directly to output port 'debug_inst[8]'. (LINT-29)
Warning: In design 'control', input port 'inst[7]' is connected directly to output port 'debug_inst[7]'. (LINT-29)
Warning: In design 'control', input port 'inst[6]' is connected directly to output port 'debug_inst[6]'. (LINT-29)
Warning: In design 'control', input port 'inst[5]' is connected directly to output port 'debug_inst[5]'. (LINT-29)
Warning: In design 'control', input port 'inst[4]' is connected directly to output port 'debug_inst[4]'. (LINT-29)
Warning: In design 'control', input port 'inst[3]' is connected directly to output port 'debug_inst[3]'. (LINT-29)
Warning: In design 'control', input port 'inst[2]' is connected directly to output port 'debug_inst[2]'. (LINT-29)
Warning: In design 'control', input port 'inst[1]' is connected directly to output port 'debug_inst[1]'. (LINT-29)
Warning: In design 'control', input port 'inst[0]' is connected directly to output port 'debug_inst[0]'. (LINT-29)
Warning: In design 'reg_fwd', input port 'fwd_jr0[2]' is connected directly to output port 'fwd_jr[2]'. (LINT-29)
Warning: In design 'reg_fwd', input port 'fwd_jr0[1]' is connected directly to output port 'fwd_jr[1]'. (LINT-29)
Warning: In design 'reg_fwd', input port 'fwd_jr0[0]' is connected directly to output port 'fwd_jr[0]'. (LINT-29)
Warning: In design 'pipeline_riscv', output port 'inst_addr[31]' is connected directly to output port 'pc_IF[31]'. (LINT-31)
Warning: In design 'pipeline_riscv', output port 'inst_addr[30]' is connected directly to output port 'pc_IF[30]'. (LINT-31)
Warning: In design 'pipeline_riscv', output port 'inst_addr[29]' is connected directly to output port 'pc_IF[29]'. (LINT-31)
Warning: In design 'pipeline_riscv', output port 'inst_addr[28]' is connected directly to output port 'pc_IF[28]'. (LINT-31)
Warning: In design 'pipeline_riscv', output port 'inst_addr[27]' is connected directly to output port 'pc_IF[27]'. (LINT-31)
Warning: In design 'pipeline_riscv', output port 'inst_addr[26]' is connected directly to output port 'pc_IF[26]'. (LINT-31)
Warning: In design 'pipeline_riscv', output port 'inst_addr[25]' is connected directly to output port 'pc_IF[25]'. (LINT-31)
Warning: In design 'pipeline_riscv', output port 'inst_addr[24]' is connected directly to output port 'pc_IF[24]'. (LINT-31)
Warning: In design 'pipeline_riscv', output port 'inst_addr[23]' is connected directly to output port 'pc_IF[23]'. (LINT-31)
Warning: In design 'pipeline_riscv', output port 'inst_addr[22]' is connected directly to output port 'pc_IF[22]'. (LINT-31)
Warning: In design 'pipeline_riscv', output port 'inst_addr[21]' is connected directly to output port 'pc_IF[21]'. (LINT-31)
Warning: In design 'pipeline_riscv', output port 'inst_addr[20]' is connected directly to output port 'pc_IF[20]'. (LINT-31)
Warning: In design 'pipeline_riscv', output port 'inst_addr[19]' is connected directly to output port 'pc_IF[19]'. (LINT-31)
Warning: In design 'pipeline_riscv', output port 'inst_addr[18]' is connected directly to output port 'pc_IF[18]'. (LINT-31)
Warning: In design 'pipeline_riscv', output port 'inst_addr[17]' is connected directly to output port 'pc_IF[17]'. (LINT-31)
Warning: In design 'pipeline_riscv', output port 'inst_addr[16]' is connected directly to output port 'pc_IF[16]'. (LINT-31)
Warning: In design 'pipeline_riscv', output port 'inst_addr[15]' is connected directly to output port 'pc_IF[15]'. (LINT-31)
Warning: In design 'pipeline_riscv', output port 'inst_addr[14]' is connected directly to output port 'pc_IF[14]'. (LINT-31)
Warning: In design 'pipeline_riscv', output port 'inst_addr[13]' is connected directly to output port 'pc_IF[13]'. (LINT-31)
Warning: In design 'pipeline_riscv', output port 'inst_addr[12]' is connected directly to output port 'pc_IF[12]'. (LINT-31)
Warning: In design 'pipeline_riscv', output port 'inst_addr[11]' is connected directly to output port 'pc_IF[11]'. (LINT-31)
Warning: In design 'pipeline_riscv', output port 'inst_addr[10]' is connected directly to output port 'pc_IF[10]'. (LINT-31)
Warning: In design 'pipeline_riscv', output port 'inst_addr[9]' is connected directly to output port 'pc_IF[9]'. (LINT-31)
Warning: In design 'pipeline_riscv', output port 'inst_addr[8]' is connected directly to output port 'pc_IF[8]'. (LINT-31)
Warning: In design 'pipeline_riscv', output port 'inst_addr[7]' is connected directly to output port 'pc_IF[7]'. (LINT-31)
Warning: In design 'pipeline_riscv', output port 'inst_addr[6]' is connected directly to output port 'pc_IF[6]'. (LINT-31)
Warning: In design 'pipeline_riscv', output port 'inst_addr[5]' is connected directly to output port 'pc_IF[5]'. (LINT-31)
Warning: In design 'pipeline_riscv', output port 'inst_addr[4]' is connected directly to output port 'pc_IF[4]'. (LINT-31)
Warning: In design 'pipeline_riscv', output port 'inst_addr[3]' is connected directly to output port 'pc_IF[3]'. (LINT-31)
Warning: In design 'pipeline_riscv', output port 'inst_addr[2]' is connected directly to output port 'pc_IF[2]'. (LINT-31)
Warning: In design 'pipeline_riscv', output port 'inst_addr[1]' is connected directly to output port 'pc_IF[1]'. (LINT-31)
Warning: In design 'pipeline_riscv', output port 'inst_addr[0]' is connected directly to output port 'pc_IF[0]'. (LINT-31)
Warning: In design 'pipeline_riscv', a pin on submodule 'FWD_WB' is connected to logic 1 or logic 0. (LINT-32)
   Pin 'en' is connected to logic 1. 
Warning: In design 'control', a pin on submodule 'id_exe' is connected to logic 1 or logic 0. (LINT-32)
   Pin 'en' is connected to logic 1. 
Warning: In design 'control', a pin on submodule 'exe_mem' is connected to logic 1 or logic 0. (LINT-32)
   Pin 'en' is connected to logic 1. 
Warning: In design 'control', a pin on submodule 'mem_wb' is connected to logic 1 or logic 0. (LINT-32)
   Pin 'en' is connected to logic 1. 
Warning: In design 'pipeline_riscv', the same net is connected to more than one pin on submodule 'ID_EXE'. (LINT-33)
   Net 'funct[6]' is connected to pins 'bra_off0[31]', 'bra_off0[30]'', 'bra_off0[29]', 'bra_off0[28]', 'bra_off0[27]', 'bra_off0[26]', 'bra_off0[25]', 'bra_off0[24]', 'bra_off0[23]', 'bra_off0[22]', 'bra_off0[21]', 'bra_off0[20]', 'bra_off0[19]', 'bra_off0[18]', 'bra_off0[17]', 'bra_off0[16]', 'bra_off0[15]'.
1
