# Preference setting overrides
gui_create_pref_key -category {Globals} -key {load_detail_for_funcov} -value_type {bool} -value {false}
gui_create_pref_category -category {schem_obj_name}
gui_create_pref_key -category {schem_obj_name} -key {show_cell_and_pin_with_symbol_name} -value_type {bool} -value {false}
gui_create_pref_key -category {schem_pin_hc} -key {textExtFont} -value_type {string} -value {Helvetica,10,-1,5,50,0,0,0,0,0}

# State setting overrides
gui_state_default_create -off -ini
gui_set_state_value -category Globals -key recent_databases -value {{gui_open_db -file /home/alfred.brian.chua/lab5/sim/test.vpd -design V1} {gui_open_db -file /home/alfred.brian.chua/lab5v2/sim/test.vpd -design V1} {gui_open_db -file /home/alfred.brian.chua/113/lab4/sim/test.vpd -design V1} {gui_open_db -file /home/alfred.brian.chua/113/lab3/sim/test.vpd -design V1} {gui_open_db -file /home/alfred.brian.chua/113/CoE113_LAB2_CHUA/sim/tb_mem.vpd -design V1}}
gui_set_state_value -category Layout -key child_console_size_x -value 1279
gui_set_state_value -category Layout -key child_console_size_y -value 168
gui_set_state_value -category Layout -key child_data_size_x -value 149
gui_set_state_value -category Layout -key child_data_size_y -value 343
gui_set_state_value -category Layout -key child_driver_size_x -value 983
gui_set_state_value -category Layout -key child_driver_size_y -value 179
gui_set_state_value -category Layout -key child_hier_col3 -value {-1}
gui_set_state_value -category Layout -key child_hier_colpd -value 0
gui_set_state_value -category Layout -key child_hier_size_x -value 149
gui_set_state_value -category Layout -key child_hier_size_y -value 343
gui_set_state_value -category Layout -key child_hier_sort_order -value 1
gui_set_state_value -category Layout -key child_schematic_docknewline -value false
gui_set_state_value -category Layout -key child_schematic_pos_x -value {-2}
gui_set_state_value -category Layout -key child_schematic_pos_y -value {-15}
gui_set_state_value -category Layout -key child_schematic_size_x -value 984
gui_set_state_value -category Layout -key child_schematic_size_y -value 338
gui_set_state_value -category Layout -key child_source_docknewline -value false
gui_set_state_value -category Layout -key child_source_pos_x -value {-2}
gui_set_state_value -category Layout -key child_source_pos_y -value {-15}
gui_set_state_value -category Layout -key child_source_size_x -value 984
gui_set_state_value -category Layout -key child_source_size_y -value 338
gui_set_state_value -category Layout -key child_wave_colname -value 128
gui_set_state_value -category Layout -key child_wave_colvalue -value 50
gui_set_state_value -category Layout -key child_wave_left -value 183
gui_set_state_value -category Layout -key child_wave_right -value 523
gui_set_state_value -category Layout -key main_pos_x -value 1
gui_set_state_value -category Layout -key main_pos_y -value 67
gui_set_state_value -category Layout -key main_size_x -value 1280
gui_set_state_value -category Layout -key main_size_y -value 685
gui_set_state_value -category Layout -key stand_wave_child_docknewline -value false
gui_set_state_value -category Layout -key stand_wave_child_pos_x -value {-2}
gui_set_state_value -category Layout -key stand_wave_child_pos_y -value {-15}
gui_set_state_value -category Layout -key stand_wave_child_size_x -value 716
gui_set_state_value -category Layout -key stand_wave_child_size_y -value 479
gui_set_state_value -category Layout -key stand_wave_top_pos_x -value 59
gui_set_state_value -category Layout -key stand_wave_top_pos_y -value 67
gui_set_state_value -category Layout -key stand_wave_top_size_x -value 770
gui_set_state_value -category Layout -key stand_wave_top_size_y -value 684
gui_create_state_key -category FindDialog -key m_pMatchCase -value_type bool -value false
gui_create_state_key -category FindDialog -key m_pMatchWord -value_type bool -value false
gui_create_state_key -category FindDialog -key m_pUseCombo -value_type string -value {}
gui_create_state_key -category FindDialog -key m_pWrapAround -value_type bool -value true
gui_state_default_create -off

# Begin command logging
gui_open_db -file /home/alfred.brian.chua/lab5v3/sim/test.vpd -design V1
gui_list_select -id Hier.1 -current_item_name tb -current_item_type Scope  -selected  { tb   }
gui_list_select -id Data.1 -selected  { tb.clk   }
gui_list_select -id Data.1 { tb.nrst  {tb.inst[31:0]}  {tb.mem_data[31:0]}  {tb.PC[31:0]}  {tb.alu_out[31:0]}  {tb.data_out[31:0]}  tb.wr_en  {tb.pc_IF[31:0]}  {tb.pc_ID[31:0]}  {tb.pc_EXE[31:0]}  {tb.pc_MEM[31:0]}  {tb.pc_WB[31:0]}   }
gui_open_window Wave
gui_list_add -id Wave.1 -from Data.1 { tb.clk tb.nrst {tb.inst[31:0]} {tb.mem_data[31:0]} {tb.PC[31:0]} {tb.alu_out[31:0]} {tb.data_out[31:0]} tb.wr_en {tb.pc_IF[31:0]} {tb.pc_ID[31:0]} {tb.pc_EXE[31:0]} {tb.pc_MEM[31:0]} {tb.pc_WB[31:0]} } -insertionbar
gui_scroll -window Wave.1 -vrel -.2
gui_wv_zoom_timerange -id  Wave.1 0 158
gui_wv_zoom_timerange -id  Wave.1 0 160
gui_wv_zoom_timerange -id  Wave.1 0 445
gui_zoom -window Wave.1 -full
gui_wv_zoom_timerange -id  Wave.1 191291040 220319641
gui_zoom -window Wave.1 -full
gui_wv_zoom_timerange -id  Wave.1 0 38704802
gui_wv_zoom_timerange -id  Wave.1 0 7468840
gui_wv_zoom_timerange -id  Wave.1 0 1145185
gui_wv_zoom_timerange -id  Wave.1 0 259530
gui_wv_scroll_hslidermove -id  Wave.1 894623
gui_marker_move -id  Wave.1 C1 173819490
gui_marker_move -id  Wave.1 C1 173817354
gui_marker_move -id  Wave.1 C1 173824342
gui_wv_scroll_hslidermove -id  Wave.1 1013204
gui_zoom -window Wave.1 -full
gui_close_window -window TopLevel.2
